<!-->
// test 1  - rpi1_setup
// tesing DM set status of output port pin BCM 17
// Connect LED to BC 17
-->
<setup>
	<output pin="17"
           	initial_state="on" />			   
<dm>
	<row enable="true"
		priority-mask="0"
		priority-filter="0" 
		class-mask="0xffff"
		class-filter="30" 
		type-mask="0xffff"
		type-filter="5"
		guid-mask="00:00:00:00:00:00:00:00:00:00:00:00:00:00:00:00"
		guid-filter="00:00:00:00:00:00:00:00:00:00:00:00:00:00:00:00"
		action="on"
		action-parameter="17"
	/>
	<row enable="true"
		priority-mask="0"
		priotity-filter="0" 
		class-mask="0xffff"
		class-filter="30" 
		type-mask="0xffff"
		type-filter="6"
		guid-mask="00:00:00:00:00:00:00:00:00:00:00:00:00:00:00:00"
		guid-filter="00:00:00:00:00:00:00:00:00:00:00:00:00:00:00:00"
		action="off"
		action-parameter="17"
	/>	
</dm>

<!-- 
// rpi2_setup 
// test 2  - rpi2_setup
// tesing input port monitoring BCM 27
// BCM 22 is output
// Connect BCM22 and BCM 27 togheter to test
// pigs s here http://abyz.me.uk/rpi/pigpio/pigs.html
-->

<setup>

<input pin="27"
	pullup="up" />

<output pin="22" />

<monitor pin="27"
         edge="rising"

         falling_class="20"
         falling_type="79"
         falling_index="0"
         falling_zone="11"
         falling_subzone="22"
         falling_data="0,0,0"

         rising_class="20"
         rising_type="78"
         rising_index="0"
         rising_zone="11"
         rising_subzone="22"	 
         rising_data="0,0,0"
			
         watchdog_class="1"
         watchdog_type="12"
         watchdog_index="0"
         watchdog_zone="11"
         watchdog_subzone="22"	 
         watchdog_data="0,0,0" />

</setup>


<!-- 
        With watchdog
        Give watchdog message every second if no activity on pin 27
-->

<setup>

<input pin="27"
	pullup="up"
        watchdog="1000" />

<monitor pin="27"
         edge="both"

         falling_class="20"
         falling_type="79"
         falling_index="0"
         falling_zone="11"
         falling_subzone="22"
         falling_data="0,0,0"

         rising_class="20"
         rising_type="78"
         rising_index="0"
         rising_zone="11"
         rising_subzone="22"	 
         rising_data="0,0,0"
			
         watchdog_class="1"
         watchdog_type="12"
         watchdog_index="0"
         watchdog_zone="11"
         watchdog_subzone="22"	 
         watchdog_data="0,0,0" />

</setup>


<!-- 
        rpi3_setup 
        Report status of BCM 27 every second. 
        (connect to BCM 22 and change state with pig 22 0/1)
-->

<setup>

<input pin="27"
	pullup="up"  />

<report id="0"
    pin="27"
    period="1000"

    high_class="20"
    high_type="3"
    high_index="27"
    high_zone="11"
    high_subzone="22"
    high_data="27,0,0"

    low_class="20"
    low_type="4"
    low_index="27"
    low_zone="11"
    low_subzone="22"
    low_data="27,0,0" />

</setup>